# JRE version: Java(TM) SE Runtime Environment (8.0_101-b13) (build 1.8.0_101-b13)
# Java VM: Java HotSpot(TM) 64-Bit Server VM (25.101-b13 mixed mode windows-amd64 compressed oops)
Heap:
 PSYoungGen      total 68096K, used 10491K [0x00000000e0000000, 0x00000000e4e00000, 0x0000000100000000)
  eden space 57344K, 9% used [0x00000000e0000000,0x00000000e051a350,0x00000000e3800000)
  from space 10752K, 48% used [0x00000000e4280000,0x00000000e47a49f0,0x00000000e4d00000)
  to   space 10752K, 0% used [0x00000000e3800000,0x00000000e3800000,0x00000000e4280000)
 ParOldGen       total 55808K, used 10349K [0x00000000a0000000, 0x00000000a3680000, 0x00000000e0000000)
  object space 55808K, 18% used [0x00000000a0000000,0x00000000a0a1b440,0x00000000a3680000)
 Metaspace       used 27556K, capacity 28052K, committed 28160K, reserved 1073152K
  class space    used 3873K, capacity 4069K, committed 4096K, reserved 1048576K
GC Heap History (10 events):
Event: 10.676 GC heap before
{Heap before GC invocations=5 (full 0):
 PSYoungGen      total 37888K, used 37864K [0x00000000e0000000, 0x00000000e2a00000, 0x0000000100000000)
  eden space 32768K, 100% used [0x00000000e0000000,0x00000000e2000000,0x00000000e2000000)
  from space 5120K, 99% used [0x00000000e2500000,0x00000000e29fa040,0x00000000e2a00000)
  to   space 5120K, 0% used [0x00000000e2000000,0x00000000e2000000,0x00000000e2500000)
 ParOldGen       total 86016K, used 5862K [0x00000000a0000000, 0x00000000a5400000, 0x00000000e0000000)
  object space 86016K, 6% used [0x00000000a0000000,0x00000000a05b9ab0,0x00000000a5400000)
 Metaspace       used 19618K, capacity 20160K, committed 20352K, reserved 1067008K
  class space    used 2897K, capacity 3088K, committed 3200K, reserved 1048576K
Event: 10.684 GC heap after
Heap after GC invocations=5 (full 0):
 PSYoungGen      total 37376K, used 5096K [0x00000000e0000000, 0x00000000e3580000, 0x0000000100000000)
  eden space 32256K, 0% used [0x00000000e0000000,0x00000000e0000000,0x00000000e1f80000)
  from space 5120K, 99% used [0x00000000e2000000,0x00000000e24fa040,0x00000000e2500000)
  to   space 11264K, 0% used [0x00000000e2a80000,0x00000000e2a80000,0x00000000e3580000)
 ParOldGen       total 86016K, used 10031K [0x00000000a0000000, 0x00000000a5400000, 0x00000000e0000000)
  object space 86016K, 11% used [0x00000000a0000000,0x00000000a09cbc18,0x00000000a5400000)
 Metaspace       used 19618K, capacity 20160K, committed 20352K, reserved 1067008K
  class space    used 2897K, capacity 3088K, committed 3200K, reserved 1048576K
}
Event: 10.851 GC heap before
{Heap before GC invocations=6 (full 0):
 PSYoungGen      total 37376K, used 10191K [0x00000000e0000000, 0x00000000e3580000, 0x0000000100000000)
  eden space 32256K, 15% used [0x00000000e0000000,0x00000000e04f9e80,0x00000000e1f80000)
  from space 5120K, 99% used [0x00000000e2000000,0x00000000e24fa040,0x00000000e2500000)
  to   space 11264K, 0% used [0x00000000e2a80000,0x00000000e2a80000,0x00000000e3580000)
 ParOldGen       total 86016K, used 10031K [0x00000000a0000000, 0x00000000a5400000, 0x00000000e0000000)
  object space 86016K, 11% used [0x00000000a0000000,0x00000000a09cbc18,0x00000000a5400000)
 Metaspace       used 20698K, capacity 21152K, committed 21296K, reserved 1067008K
  class space    used 2970K, capacity 3120K, committed 3200K, reserved 1048576K
Event: 10.865 GC heap after
Heap after GC invocations=6 (full 0):
 PSYoungGen      total 43520K, used 5877K [0x00000000e0000000, 0x00000000e3580000, 0x0000000100000000)
  eden space 32256K, 0% used [0x00000000e0000000,0x00000000e0000000,0x00000000e1f80000)
  from space 11264K, 52% used [0x00000000e2a80000,0x00000000e303d770,0x00000000e3580000)
  to   space 5120K, 0% used [0x00000000e2000000,0x00000000e2000000,0x00000000e2500000)
 ParOldGen       total 86016K, used 10039K [0x00000000a0000000, 0x00000000a5400000, 0x00000000e0000000)
  object space 86016K, 11% used [0x00000000a0000000,0x00000000a09cdc18,0x00000000a5400000)
 Metaspace       used 20698K, capacity 21152K, committed 21296K, reserved 1067008K
  class space    used 2970K, capacity 3120K, committed 3200K, reserved 1048576K
}
Event: 10.865 GC heap before
{Heap before GC invocations=7 (full 1):
 PSYoungGen      total 43520K, used 5877K [0x00000000e0000000, 0x00000000e3580000, 0x0000000100000000)
  eden space 32256K, 0% used [0x00000000e0000000,0x00000000e0000000,0x00000000e1f80000)
  from space 11264K, 52% used [0x00000000e2a80000,0x00000000e303d770,0x00000000e3580000)
  to   space 5120K, 0% used [0x00000000e2000000,0x00000000e2000000,0x00000000e2500000)
 ParOldGen       total 86016K, used 10039K [0x00000000a0000000, 0x00000000a5400000, 0x00000000e0000000)
  object space 86016K, 11% used [0x00000000a0000000,0x00000000a09cdc18,0x00000000a5400000)
 Metaspace       used 20698K, capacity 21152K, committed 21296K, reserved 1067008K
  class space    used 2970K, capacity 3120K, committed 3200K, reserved 1048576K
Event: 10.936 GC heap after
Heap after GC invocations=7 (full 1):
 PSYoungGen      total 43520K, used 0K [0x00000000e0000000, 0x00000000e3580000, 0x0000000100000000)
  eden space 32256K, 0% used [0x00000000e0000000,0x00000000e0000000,0x00000000e1f80000)
  from space 11264K, 0% used [0x00000000e2a80000,0x00000000e2a80000,0x00000000e3580000)
  to   space 5120K, 0% used [0x00000000e2000000,0x00000000e2000000,0x00000000e2500000)
 ParOldGen       total 55808K, used 10333K [0x00000000a0000000, 0x00000000a3680000, 0x00000000e0000000)
  object space 55808K, 18% used [0x00000000a0000000,0x00000000a0a17440,0x00000000a3680000)
 Metaspace       used 20698K, capacity 21152K, committed 21296K, reserved 1067008K
  class space    used 2970K, capacity 3120K, committed 3200K, reserved 1048576K
}
Event: 11.750 GC heap before
{Heap before GC invocations=8 (full 1):
 PSYoungGen      total 43520K, used 32256K [0x00000000e0000000, 0x00000000e3580000, 0x0000000100000000)
  eden space 32256K, 100% used [0x00000000e0000000,0x00000000e1f80000,0x00000000e1f80000)
  from space 11264K, 0% used [0x00000000e2a80000,0x00000000e2a80000,0x00000000e3580000)
  to   space 5120K, 0% used [0x00000000e2000000,0x00000000e2000000,0x00000000e2500000)
 ParOldGen       total 55808K, used 10333K [0x00000000a0000000, 0x00000000a3680000, 0x00000000e0000000)
  object space 55808K, 18% used [0x00000000a0000000,0x00000000a0a17440,0x00000000a3680000)
 Metaspace       used 24719K, capacity 25226K, committed 25472K, reserved 1071104K
  class space    used 3481K, capacity 3640K, committed 3712K, reserved 1048576K
Event: 11.757 GC heap after
Heap after GC invocations=8 (full 1):
 PSYoungGen      total 37888K, used 3894K [0x00000000e0000000, 0x00000000e4d00000, 0x0000000100000000)
  eden space 32768K, 0% used [0x00000000e0000000,0x00000000e0000000,0x00000000e2000000)
  from space 5120K, 76% used [0x00000000e2000000,0x00000000e23cd950,0x00000000e2500000)
  to   space 10752K, 0% used [0x00000000e4280000,0x00000000e4280000,0x00000000e4d00000)
 ParOldGen       total 55808K, used 10341K [0x00000000a0000000, 0x00000000a3680000, 0x00000000e0000000)
  object space 55808K, 18% used [0x00000000a0000000,0x00000000a0a19440,0x00000000a3680000)
 Metaspace       used 24719K, capacity 25226K, committed 25472K, reserved 1071104K
  class space    used 3481K, capacity 3640K, committed 3712K, reserved 1048576K
}
Event: 12.509 GC heap before
{Heap before GC invocations=9 (full 1):
 PSYoungGen      total 37888K, used 36662K [0x00000000e0000000, 0x00000000e4d00000, 0x0000000100000000)
  eden space 32768K, 100% used [0x00000000e0000000,0x00000000e2000000,0x00000000e2000000)
  from space 5120K, 76% used [0x00000000e2000000,0x00000000e23cd950,0x00000000e2500000)
  to   space 10752K, 0% used [0x00000000e4280000,0x00000000e4280000,0x00000000e4d00000)
 ParOldGen       total 55808K, used 10341K [0x00000000a0000000, 0x00000000a3680000, 0x00000000e0000000)
  object space 55808K, 18% used [0x00000000a0000000,0x00000000a0a19440,0x00000000a3680000)
 Metaspace       used 27314K, capacity 27822K, committed 27904K, reserved 1073152K
  class space    used 3829K, capacity 4035K, committed 4096K, reserved 1048576K
Event: 12.529 GC heap after
Heap after GC invocations=9 (full 1):
 PSYoungGen      total 68096K, used 5266K [0x00000000e0000000, 0x00000000e4e00000, 0x0000000100000000)
  eden space 57344K, 0% used [0x00000000e0000000,0x00000000e0000000,0x00000000e3800000)
  from space 10752K, 48% used [0x00000000e4280000,0x00000000e47a49f0,0x00000000e4d00000)
  to   space 10752K, 0% used [0x00000000e3800000,0x00000000e3800000,0x00000000e4280000)
 ParOldGen       total 55808K, used 10349K [0x00000000a0000000, 0x00000000a3680000, 0x00000000e0000000)
  object space 55808K, 18% used [0x00000000a0000000,0x00000000a0a1b440,0x00000000a3680000)
 Metaspace       used 27314K, capacity 27822K, committed 27904K, reserved 1073152K
  class space    used 3829K, capacity 4035K, committed 4096K, reserved 1048576K
}

