# JRE version: Java(TM) SE Runtime Environment (8.0_101-b13) (build 1.8.0_101-b13)
# Java VM: Java HotSpot(TM) 64-Bit Server VM (25.101-b13 mixed mode windows-amd64 compressed oops)
Heap:
 PSYoungGen      total 286208K, used 107683K [0x00000000e0000000, 0x00000000f8a80000, 0x0000000100000000)
  eden space 216064K, 49% used [0x00000000e0000000,0x00000000e6928e10,0x00000000ed300000)
  from space 70144K, 0% used [0x00000000ed300000,0x00000000ed300000,0x00000000f1780000)
  to   space 68096K, 0% used [0x00000000f4800000,0x00000000f4800000,0x00000000f8a80000)
 ParOldGen       total 189952K, used 49768K [0x00000000a0000000, 0x00000000ab980000, 0x00000000e0000000)
  object space 189952K, 26% used [0x00000000a0000000,0x00000000a309a1d0,0x00000000ab980000)
 Metaspace       used 83794K, capacity 86478K, committed 88832K, reserved 1126400K
  class space    used 10986K, capacity 11508K, committed 12032K, reserved 1048576K
GC Heap History (10 events):
Event: 359.695 GC heap before
{Heap before GC invocations=25 (full 3):
 PSYoungGen      total 208896K, used 191816K [0x00000000e0000000, 0x00000000f0380000, 0x0000000100000000)
  eden space 164864K, 99% used [0x00000000e0000000,0x00000000ea0c2138,0x00000000ea100000)
  from space 44032K, 61% used [0x00000000ea100000,0x00000000ebb8ffc0,0x00000000ecc00000)
  to   space 44544K, 0% used [0x00000000ed800000,0x00000000ed800000,0x00000000f0380000)
 ParOldGen       total 147968K, used 77435K [0x00000000a0000000, 0x00000000a9080000, 0x00000000e0000000)
  object space 147968K, 52% used [0x00000000a0000000,0x00000000a4b9eeb0,0x00000000a9080000)
 Metaspace       used 84326K, capacity 87952K, committed 88320K, reserved 1126400K
  class space    used 11221K, capacity 11923K, committed 12032K, reserved 1048576K
Event: 359.724 GC heap after
Heap after GC invocations=25 (full 3):
 PSYoungGen      total 214528K, used 43866K [0x00000000e0000000, 0x00000000f1400000, 0x0000000100000000)
  eden space 169984K, 0% used [0x00000000e0000000,0x00000000e0000000,0x00000000ea600000)
  from space 44544K, 98% used [0x00000000ed800000,0x00000000f02d6a28,0x00000000f0380000)
  to   space 51200K, 0% used [0x00000000ea600000,0x00000000ea600000,0x00000000ed800000)
 ParOldGen       total 147968K, used 81601K [0x00000000a0000000, 0x00000000a9080000, 0x00000000e0000000)
  object space 147968K, 55% used [0x00000000a0000000,0x00000000a4fb04d8,0x00000000a9080000)
 Metaspace       used 84326K, capacity 87952K, committed 88320K, reserved 1126400K
  class space    used 11221K, capacity 11923K, committed 12032K, reserved 1048576K
}
Event: 359.775 GC heap before
{Heap before GC invocations=26 (full 3):
 PSYoungGen      total 214528K, used 213043K [0x00000000e0000000, 0x00000000f1400000, 0x0000000100000000)
  eden space 169984K, 99% used [0x00000000e0000000,0x00000000ea536250,0x00000000ea600000)
  from space 44544K, 98% used [0x00000000ed800000,0x00000000f02d6a28,0x00000000f0380000)
  to   space 51200K, 0% used [0x00000000ea600000,0x00000000ea600000,0x00000000ed800000)
 ParOldGen       total 147968K, used 81601K [0x00000000a0000000, 0x00000000a9080000, 0x00000000e0000000)
  object space 147968K, 55% used [0x00000000a0000000,0x00000000a4fb04d8,0x00000000a9080000)
 Metaspace       used 84334K, capacity 87952K, committed 88320K, reserved 1126400K
  class space    used 11221K, capacity 11923K, committed 12032K, reserved 1048576K
Event: 359.807 GC heap after
Heap after GC invocations=26 (full 3):
 PSYoungGen      total 221184K, used 51175K [0x00000000e0000000, 0x00000000f5980000, 0x0000000100000000)
  eden space 169984K, 0% used [0x00000000e0000000,0x00000000e0000000,0x00000000ea600000)
  from space 51200K, 99% used [0x00000000ea600000,0x00000000ed7f9ff0,0x00000000ed800000)
  to   space 67584K, 0% used [0x00000000f1780000,0x00000000f1780000,0x00000000f5980000)
 ParOldGen       total 147968K, used 104727K [0x00000000a0000000, 0x00000000a9080000, 0x00000000e0000000)
  object space 147968K, 70% used [0x00000000a0000000,0x00000000a6645ea0,0x00000000a9080000)
 Metaspace       used 84334K, capacity 87952K, committed 88320K, reserved 1126400K
  class space    used 11221K, capacity 11923K, committed 12032K, reserved 1048576K
}
Event: 359.830 GC heap before
{Heap before GC invocations=27 (full 3):
 PSYoungGen      total 221184K, used 220999K [0x00000000e0000000, 0x00000000f5980000, 0x0000000100000000)
  eden space 169984K, 99% used [0x00000000e0000000,0x00000000ea5d7c28,0x00000000ea600000)
  from space 51200K, 99% used [0x00000000ea600000,0x00000000ed7f9ff0,0x00000000ed800000)
  to   space 67584K, 0% used [0x00000000f1780000,0x00000000f1780000,0x00000000f5980000)
 ParOldGen       total 147968K, used 104727K [0x00000000a0000000, 0x00000000a9080000, 0x00000000e0000000)
  object space 147968K, 70% used [0x00000000a0000000,0x00000000a6645ea0,0x00000000a9080000)
 Metaspace       used 84340K, capacity 87952K, committed 88320K, reserved 1126400K
  class space    used 11221K, capacity 11923K, committed 12032K, reserved 1048576K
Event: 359.862 GC heap after
Heap after GC invocations=27 (full 3):
 PSYoungGen      total 283648K, used 45131K [0x00000000e0000000, 0x00000000f6700000, 0x0000000100000000)
  eden space 216064K, 0% used [0x00000000e0000000,0x00000000e0000000,0x00000000ed300000)
  from space 67584K, 66% used [0x00000000f1780000,0x00000000f4392c58,0x00000000f5980000)
  to   space 70144K, 0% used [0x00000000ed300000,0x00000000ed300000,0x00000000f1780000)
 ParOldGen       total 147968K, used 109573K [0x00000000a0000000, 0x00000000a9080000, 0x00000000e0000000)
  object space 147968K, 74% used [0x00000000a0000000,0x00000000a6b01430,0x00000000a9080000)
 Metaspace       used 84340K, capacity 87952K, committed 88320K, reserved 1126400K
  class space    used 11221K, capacity 11923K, committed 12032K, reserved 1048576K
}
Event: 4600.877 GC heap before
{Heap before GC invocations=28 (full 3):
 PSYoungGen      total 283648K, used 261195K [0x00000000e0000000, 0x00000000f6700000, 0x0000000100000000)
  eden space 216064K, 100% used [0x00000000e0000000,0x00000000ed300000,0x00000000ed300000)
  from space 67584K, 66% used [0x00000000f1780000,0x00000000f4392c58,0x00000000f5980000)
  to   space 70144K, 0% used [0x00000000ed300000,0x00000000ed300000,0x00000000f1780000)
 ParOldGen       total 147968K, used 109573K [0x00000000a0000000, 0x00000000a9080000, 0x00000000e0000000)
  object space 147968K, 74% used [0x00000000a0000000,0x00000000a6b01430,0x00000000a9080000)
 Metaspace       used 84729K, capacity 88522K, committed 88832K, reserved 1126400K
  class space    used 11234K, capacity 11942K, committed 12032K, reserved 1048576K
Event: 4601.165 GC heap after
Heap after GC invocations=28 (full 3):
 PSYoungGen      total 286208K, used 17539K [0x00000000e0000000, 0x00000000f8a80000, 0x0000000100000000)
  eden space 216064K, 0% used [0x00000000e0000000,0x00000000e0000000,0x00000000ed300000)
  from space 70144K, 25% used [0x00000000ed300000,0x00000000ee420f58,0x00000000f1780000)
  to   space 68096K, 0% used [0x00000000f4800000,0x00000000f4800000,0x00000000f8a80000)
 ParOldGen       total 147968K, used 126279K [0x00000000a0000000, 0x00000000a9080000, 0x00000000e0000000)
  object space 147968K, 85% used [0x00000000a0000000,0x00000000a7b51d18,0x00000000a9080000)
 Metaspace       used 84729K, capacity 88522K, committed 88832K, reserved 1126400K
  class space    used 11234K, capacity 11942K, committed 12032K, reserved 1048576K
}
Event: 4601.166 GC heap before
{Heap before GC invocations=29 (full 4):
 PSYoungGen      total 286208K, used 17539K [0x00000000e0000000, 0x00000000f8a80000, 0x0000000100000000)
  eden space 216064K, 0% used [0x00000000e0000000,0x00000000e0000000,0x00000000ed300000)
  from space 70144K, 25% used [0x00000000ed300000,0x00000000ee420f58,0x00000000f1780000)
  to   space 68096K, 0% used [0x00000000f4800000,0x00000000f4800000,0x00000000f8a80000)
 ParOldGen       total 147968K, used 126279K [0x00000000a0000000, 0x00000000a9080000, 0x00000000e0000000)
  object space 147968K, 85% used [0x00000000a0000000,0x00000000a7b51d18,0x00000000a9080000)
 Metaspace       used 84729K, capacity 88522K, committed 88832K, reserved 1126400K
  class space    used 11234K, capacity 11942K, committed 12032K, reserved 1048576K
Event: 4601.966 GC heap after
Heap after GC invocations=29 (full 4):
 PSYoungGen      total 286208K, used 0K [0x00000000e0000000, 0x00000000f8a80000, 0x0000000100000000)
  eden space 216064K, 0% used [0x00000000e0000000,0x00000000e0000000,0x00000000ed300000)
  from space 70144K, 0% used [0x00000000ed300000,0x00000000ed300000,0x00000000f1780000)
  to   space 68096K, 0% used [0x00000000f4800000,0x00000000f4800000,0x00000000f8a80000)
 ParOldGen       total 189952K, used 49768K [0x00000000a0000000, 0x00000000ab980000, 0x00000000e0000000)
  object space 189952K, 26% used [0x00000000a0000000,0x00000000a309a1d0,0x00000000ab980000)
 Metaspace       used 83599K, capacity 86226K, committed 88832K, reserved 1126400K
  class space    used 10974K, capacity 11488K, committed 12032K, reserved 1048576K
}

