# JRE version: Java(TM) SE Runtime Environment (8.0_101-b13) (build 1.8.0_101-b13)
# Java VM: Java HotSpot(TM) 64-Bit Server VM (25.101-b13 mixed mode windows-amd64 compressed oops)
Heap:
 PSYoungGen      total 132096K, used 104106K [0x00000000eab00000, 0x00000000f7380000, 0x0000000100000000)
  eden space 121344K, 85% used [0x00000000eab00000,0x00000000f10aa860,0x00000000f2180000)
  from space 10752K, 0% used [0x00000000f2180000,0x00000000f2180000,0x00000000f2c00000)
  to   space 11776K, 0% used [0x00000000f6800000,0x00000000f6800000,0x00000000f7380000)
 ParOldGen       total 83968K, used 17873K [0x00000000c0000000, 0x00000000c5200000, 0x00000000eab00000)
  object space 83968K, 21% used [0x00000000c0000000,0x00000000c11747a0,0x00000000c5200000)
 Metaspace       used 44000K, capacity 44960K, committed 45184K, reserved 1087488K
  class space    used 6125K, capacity 6418K, committed 6528K, reserved 1048576K
GC Heap History (10 events):
Event: 26.569 GC heap before
{Heap before GC invocations=7 (full 1):
 PSYoungGen      total 74752K, used 6425K [0x00000000eab00000, 0x00000000eff00000, 0x0000000100000000)
  eden space 65536K, 0% used [0x00000000eab00000,0x00000000eab00000,0x00000000eeb00000)
  from space 9216K, 69% used [0x00000000ef600000,0x00000000efc46778,0x00000000eff00000)
  to   space 10240K, 0% used [0x00000000eeb00000,0x00000000eeb00000,0x00000000ef500000)
 ParOldGen       total 86016K, used 9693K [0x00000000c0000000, 0x00000000c5400000, 0x00000000eab00000)
  object space 86016K, 11% used [0x00000000c0000000,0x00000000c0977450,0x00000000c5400000)
 Metaspace       used 20764K, capacity 21196K, committed 21296K, reserved 1067008K
  class space    used 2999K, capacity 3155K, committed 3200K, reserved 1048576K
Event: 26.776 GC heap after
Heap after GC invocations=7 (full 1):
 PSYoungGen      total 74752K, used 0K [0x00000000eab00000, 0x00000000eff00000, 0x0000000100000000)
  eden space 65536K, 0% used [0x00000000eab00000,0x00000000eab00000,0x00000000eeb00000)
  from space 9216K, 0% used [0x00000000ef600000,0x00000000ef600000,0x00000000eff00000)
  to   space 10240K, 0% used [0x00000000eeb00000,0x00000000eeb00000,0x00000000ef500000)
 ParOldGen       total 50688K, used 8308K [0x00000000c0000000, 0x00000000c3180000, 0x00000000eab00000)
  object space 50688K, 16% used [0x00000000c0000000,0x00000000c081d078,0x00000000c3180000)
 Metaspace       used 20764K, capacity 21196K, committed 21296K, reserved 1067008K
  class space    used 2999K, capacity 3155K, committed 3200K, reserved 1048576K
}
Event: 30.146 GC heap before
{Heap before GC invocations=8 (full 1):
 PSYoungGen      total 74752K, used 65536K [0x00000000eab00000, 0x00000000eff00000, 0x0000000100000000)
  eden space 65536K, 100% used [0x00000000eab00000,0x00000000eeb00000,0x00000000eeb00000)
  from space 9216K, 0% used [0x00000000ef600000,0x00000000ef600000,0x00000000eff00000)
  to   space 10240K, 0% used [0x00000000eeb00000,0x00000000eeb00000,0x00000000ef500000)
 ParOldGen       total 50688K, used 8308K [0x00000000c0000000, 0x00000000c3180000, 0x00000000eab00000)
  object space 50688K, 16% used [0x00000000c0000000,0x00000000c081d078,0x00000000c3180000)
 Metaspace       used 26812K, capacity 27318K, committed 27648K, reserved 1073152K
  class space    used 3844K, capacity 3998K, committed 4096K, reserved 1048576K
Event: 30.185 GC heap after
Heap after GC invocations=8 (full 1):
 PSYoungGen      total 75776K, used 6457K [0x00000000eab00000, 0x00000000f3680000, 0x0000000100000000)
  eden space 65536K, 0% used [0x00000000eab00000,0x00000000eab00000,0x00000000eeb00000)
  from space 10240K, 63% used [0x00000000eeb00000,0x00000000ef14e720,0x00000000ef500000)
  to   space 10240K, 0% used [0x00000000f2c80000,0x00000000f2c80000,0x00000000f3680000)
 ParOldGen       total 50688K, used 8316K [0x00000000c0000000, 0x00000000c3180000, 0x00000000eab00000)
  object space 50688K, 16% used [0x00000000c0000000,0x00000000c081f078,0x00000000c3180000)
 Metaspace       used 26812K, capacity 27318K, committed 27648K, reserved 1073152K
  class space    used 3844K, capacity 3998K, committed 4096K, reserved 1048576K
}
Event: 32.884 GC heap before
{Heap before GC invocations=9 (full 1):
 PSYoungGen      total 75776K, used 71993K [0x00000000eab00000, 0x00000000f3680000, 0x0000000100000000)
  eden space 65536K, 100% used [0x00000000eab00000,0x00000000eeb00000,0x00000000eeb00000)
  from space 10240K, 63% used [0x00000000eeb00000,0x00000000ef14e720,0x00000000ef500000)
  to   space 10240K, 0% used [0x00000000f2c80000,0x00000000f2c80000,0x00000000f3680000)
 ParOldGen       total 50688K, used 8316K [0x00000000c0000000, 0x00000000c3180000, 0x00000000eab00000)
  object space 50688K, 16% used [0x00000000c0000000,0x00000000c081f078,0x00000000c3180000)
 Metaspace       used 30937K, capacity 31580K, committed 31872K, reserved 1077248K
  class space    used 4417K, capacity 4621K, committed 4736K, reserved 1048576K
Event: 32.951 GC heap after
Heap after GC invocations=9 (full 1):
 PSYoungGen      total 131584K, used 9631K [0x00000000eab00000, 0x00000000f3680000, 0x0000000100000000)
  eden space 121344K, 0% used [0x00000000eab00000,0x00000000eab00000,0x00000000f2180000)
  from space 10240K, 94% used [0x00000000f2c80000,0x00000000f35e7f28,0x00000000f3680000)
  to   space 10752K, 0% used [0x00000000f2180000,0x00000000f2180000,0x00000000f2c00000)
 ParOldGen       total 50688K, used 8324K [0x00000000c0000000, 0x00000000c3180000, 0x00000000eab00000)
  object space 50688K, 16% used [0x00000000c0000000,0x00000000c0821078,0x00000000c3180000)
 Metaspace       used 30937K, capacity 31580K, committed 31872K, reserved 1077248K
  class space    used 4417K, capacity 4621K, committed 4736K, reserved 1048576K
}
Event: 38.584 GC heap before
{Heap before GC invocations=10 (full 1):
 PSYoungGen      total 131584K, used 57352K [0x00000000eab00000, 0x00000000f3680000, 0x0000000100000000)
  eden space 121344K, 39% used [0x00000000eab00000,0x00000000ed99a370,0x00000000f2180000)
  from space 10240K, 94% used [0x00000000f2c80000,0x00000000f35e7f28,0x00000000f3680000)
  to   space 10752K, 0% used [0x00000000f2180000,0x00000000f2180000,0x00000000f2c00000)
 ParOldGen       total 50688K, used 8324K [0x00000000c0000000, 0x00000000c3180000, 0x00000000eab00000)
  object space 50688K, 16% used [0x00000000c0000000,0x00000000c0821078,0x00000000c3180000)
 Metaspace       used 34597K, capacity 35278K, committed 35456K, reserved 1079296K
  class space    used 4927K, capacity 5152K, committed 5248K, reserved 1048576K
Event: 38.645 GC heap after
Heap after GC invocations=10 (full 1):
 PSYoungGen      total 132096K, used 10660K [0x00000000eab00000, 0x00000000f7380000, 0x0000000100000000)
  eden space 121344K, 0% used [0x00000000eab00000,0x00000000eab00000,0x00000000f2180000)
  from space 10752K, 99% used [0x00000000f2180000,0x00000000f2be9180,0x00000000f2c00000)
  to   space 11776K, 0% used [0x00000000f6800000,0x00000000f6800000,0x00000000f7380000)
 ParOldGen       total 50688K, used 8332K [0x00000000c0000000, 0x00000000c3180000, 0x00000000eab00000)
  object space 50688K, 16% used [0x00000000c0000000,0x00000000c0823078,0x00000000c3180000)
 Metaspace       used 34597K, capacity 35278K, committed 35456K, reserved 1079296K
  class space    used 4927K, capacity 5152K, committed 5248K, reserved 1048576K
}
Event: 38.645 GC heap before
{Heap before GC invocations=11 (full 2):
 PSYoungGen      total 132096K, used 10660K [0x00000000eab00000, 0x00000000f7380000, 0x0000000100000000)
  eden space 121344K, 0% used [0x00000000eab00000,0x00000000eab00000,0x00000000f2180000)
  from space 10752K, 99% used [0x00000000f2180000,0x00000000f2be9180,0x00000000f2c00000)
  to   space 11776K, 0% used [0x00000000f6800000,0x00000000f6800000,0x00000000f7380000)
 ParOldGen       total 50688K, used 8332K [0x00000000c0000000, 0x00000000c3180000, 0x00000000eab00000)
  object space 50688K, 16% used [0x00000000c0000000,0x00000000c0823078,0x00000000c3180000)
 Metaspace       used 34597K, capacity 35278K, committed 35456K, reserved 1079296K
  class space    used 4927K, capacity 5152K, committed 5248K, reserved 1048576K
Event: 40.256 GC heap after
Heap after GC invocations=11 (full 2):
 PSYoungGen      total 132096K, used 0K [0x00000000eab00000, 0x00000000f7380000, 0x0000000100000000)
  eden space 121344K, 0% used [0x00000000eab00000,0x00000000eab00000,0x00000000f2180000)
  from space 10752K, 0% used [0x00000000f2180000,0x00000000f2180000,0x00000000f2c00000)
  to   space 11776K, 0% used [0x00000000f6800000,0x00000000f6800000,0x00000000f7380000)
 ParOldGen       total 83968K, used 17873K [0x00000000c0000000, 0x00000000c5200000, 0x00000000eab00000)
  object space 83968K, 21% used [0x00000000c0000000,0x00000000c11747a0,0x00000000c5200000)
 Metaspace       used 34597K, capacity 35278K, committed 35456K, reserved 1079296K
  class space    used 4927K, capacity 5152K, committed 5248K, reserved 1048576K
}

